[10364:20440:0908/153516.028:ERROR:installed_loader.cc(242)] Expecting reinstall for extension id: eelojgpfkmhiikmhkineneemcahoehjo due to corruption detected in prior session.
[10364:25748:0908/153516.037:ERROR:model_type_store_service_impl.cc(39)] Failed to initialize ModelTypeStore backend: Init@components/sync/model/model_type_store_backend.cc:90: IO error: C:\repo\Vodacom_Projects\Vodacom_Ecosystem_API\ilabcoremaster_v1_2021\chromeprofile\Default\Sync Data\LevelDB/MANIFEST-000001: Unable to create sequential file (ChromeMethodBFE: 7::NewSequentialFile::1)
[10364:4396:0908/153516.186:WARNING:value_store_frontend.cc(45)] Reading ahfgeienlihckogmohjhadlkjgocpleb.alarms from  failed: IO error: .../MANIFEST-000001: Unable to create sequential file (ChromeMethodBFE: 7::NewSequentialFile::1)
[10364:4396:0908/153516.196:WARNING:value_store_frontend.cc(45)] Reading mhjfbmdgcfjbbpaeojofohoefgiehjai.alarms from  failed: IO error: .../MANIFEST-000001: Unable to create sequential file (ChromeMethodBFE: 7::NewSequentialFile::1)
[10364:4396:0908/153516.205:WARNING:value_store_frontend.cc(45)] Reading aapocclcgogkmnckokdopfmhonfmgoek.alarms from  failed: IO error: .../MANIFEST-000001: Unable to create sequential file (ChromeMethodBFE: 7::NewSequentialFile::1)
[10364:4396:0908/153516.215:WARNING:value_store_frontend.cc(45)] Reading aohghmighlieiainnegkcijnfilokake.alarms from  failed: IO error: .../MANIFEST-000001: Unable to create sequential file (ChromeMethodBFE: 7::NewSequentialFile::1)
[10364:4396:0908/153516.225:WARNING:value_store_frontend.cc(45)] Reading apdfllckaahabafndbhieahigkjlhalf.alarms from  failed: IO error: .../MANIFEST-000001: Unable to create sequential file (ChromeMethodBFE: 7::NewSequentialFile::1)
[10364:4396:0908/153516.235:WARNING:value_store_frontend.cc(45)] Reading blpcfgokakmgnkcojhhkbfbldkacnbeo.alarms from  failed: IO error: .../MANIFEST-000001: Unable to create sequential file (ChromeMethodBFE: 7::NewSequentialFile::1)
[10364:4396:0908/153516.246:WARNING:value_store_frontend.cc(45)] Reading felcaaldnbdncclmgdcncolpebgiejap.alarms from  failed: IO error: .../MANIFEST-000001: Unable to create sequential file (ChromeMethodBFE: 7::NewSequentialFile::1)
[10364:4396:0908/153516.255:WARNING:value_store_frontend.cc(45)] Reading ghbmnnjooekpmoecnnnilnnbdlolhkhi.alarms from  failed: IO error: .../MANIFEST-000001: Unable to create sequential file (ChromeMethodBFE: 7::NewSequentialFile::1)
[10364:4396:0908/153516.265:WARNING:value_store_frontend.cc(45)] Reading ghbmnnjooekpmoecnnnilnnbdlolhkhi.context_menus from  failed: IO error: .../MANIFEST-000001: Unable to create sequential file (ChromeMethodBFE: 7::NewSequentialFile::1)
[10364:4396:0908/153516.279:WARNING:value_store_frontend.cc(45)] Reading pjkljhegncpnkpknbcohdijeoejaedia.alarms from  failed: IO error: .../MANIFEST-000001: Unable to create sequential file (ChromeMethodBFE: 7::NewSequentialFile::1)
[10364:20440:0908/153517.053:WARNING:CONSOLE(0)] "Error with Permissions-Policy header: Unrecognized feature: 'interest-cohort'.", source:  (0)
[10364:20440:0908/153518.017:INFO:CONSOLE(906)] "There was a problem with the request.", source: http://10.132.255.122/ (906)
[10364:20440:0908/153520.689:ERROR:device_event_log_impl.cc(214)] [15:35:20.689] USB: usb_device_handle_win.cc:1048 Failed to read descriptor from node connection: A device attached to the system is not functioning. (0x1F)
[10364:20440:0908/153520.691:ERROR:device_event_log_impl.cc(214)] [15:35:20.691] USB: usb_device_handle_win.cc:1048 Failed to read descriptor from node connection: A device attached to the system is not functioning. (0x1F)
[10364:20440:0908/153520.692:ERROR:device_event_log_impl.cc(214)] [15:35:20.692] USB: usb_device_handle_win.cc:1048 Failed to read descriptor from node connection: A device attached to the system is not functioning. (0x1F)
[10364:1444:0908/153520.701:ERROR:data_store_impl.cc(131)] Failed to open Data Reduction Proxy DB: 3
[10364:4396:0908/153520.951:WARNING:leveldb_database.cc(105)] Unable to open C:\repo\Vodacom_Projects\Vodacom_Ecosystem_API\ilabcoremaster_v1_2021\chromeprofile\Default\shared_proto_db\metadata: IO error: C:\repo\Vodacom_Projects\Vodacom_Ecosystem_API\ilabcoremaster_v1_2021\chromeprofile\Default\shared_proto_db\metadata/MANIFEST-000001: Unable to create sequential file (ChromeMethodBFE: 7::NewSequentialFile::1)
[10364:4396:0908/153520.959:WARNING:leveldb_database.cc(105)] Unable to open C:\repo\Vodacom_Projects\Vodacom_Ecosystem_API\ilabcoremaster_v1_2021\chromeprofile\Default\shared_proto_db\metadata: IO error: C:\repo\Vodacom_Projects\Vodacom_Ecosystem_API\ilabcoremaster_v1_2021\chromeprofile\Default\shared_proto_db\metadata/MANIFEST-000001: Unable to create sequential file (ChromeMethodBFE: 7::NewSequentialFile::1)
[10364:4396:0908/153520.966:WARNING:leveldb_database.cc(105)] Unable to open C:\repo\Vodacom_Projects\Vodacom_Ecosystem_API\ilabcoremaster_v1_2021\chromeprofile\Default\shared_proto_db\metadata: IO error: C:\repo\Vodacom_Projects\Vodacom_Ecosystem_API\ilabcoremaster_v1_2021\chromeprofile\Default\shared_proto_db\metadata/MANIFEST-000001: Unable to create sequential file (ChromeMethodBFE: 7::NewSequentialFile::1)
[10364:4396:0908/153520.974:WARNING:leveldb_database.cc(105)] Unable to open C:\repo\Vodacom_Projects\Vodacom_Ecosystem_API\ilabcoremaster_v1_2021\chromeprofile\Default\shared_proto_db\metadata: IO error: C:\repo\Vodacom_Projects\Vodacom_Ecosystem_API\ilabcoremaster_v1_2021\chromeprofile\Default\shared_proto_db\metadata/MANIFEST-000001: Unable to create sequential file (ChromeMethodBFE: 7::NewSequentialFile::1)
[10364:20440:0908/153527.671:WARNING:pref_notifier_impl.cc(40)] Pref observer for media_router.cast_allow_all_ips found at shutdown.
